@meantweetreader,0.057
@tapemaster21,0.104
@lexiorellana,0.168
@DamienPrinceJr,0.185
@tapemaster21,0.248
@DottieTrixx,0.151
@ScarlitRambling,0.512
@tapemaster21,0.248
@tease,0.282
@raycharles,0.231
@stevebuscemi,0.16
@bobross,0.161
@lesbianlovers,0.15
@lesbianlovers,0.15
@lesbian,0.244
@tapemaster21,0.248
@ralph,0.246
@thekkk,0.27
@therealkkk,0.217
@fuckspooks,0.12
@fuckitall,0.426
@fuckitall,0.426
@whyyougaf,0.207
@whyyougaf,0.207
@racism,0.17
@facists,0.084
@jewmaster,0.57
@jewlife,0.176
@sarahT,0.201
@joel,0.365
@johns,0.236
@tootsday,0.282
@TheVxnquisher,0.346
@Kreeeve_,0.284
@Kreeeve_,0.284
@JonFDOY,0.286
@MeanTweetReader,0.547
@meantweetreader,0.707
@meantweetreader,0.707
@Miltleroi,0.398
@MeanTweetReader,0.739
@meantweetreader,0.739
@meantweetreader,0.665
@meantweetreader,0.605
